# JRE version: Java(TM) SE Runtime Environment 18.9 (11.0.9+7) (build 11.0.9+7-LTS)
# Java VM: Java HotSpot(TM) 64-Bit Server VM 18.9 (11.0.9+7-LTS, mixed mode, tiered, compressed oops, g1 gc, windows-amd64)
Heap:
 garbage-first heap   total 260096K, used 103696K [0x0000000702200000, 0x0000000800000000)
  region size 1024K, 68 young (69632K), 11 survivors (11264K)
 Metaspace       used 28561K, capacity 29313K, committed 29616K, reserved 1075200K
  class space    used 2958K, capacity 3202K, committed 3328K, reserved 1048576K
GC Heap History (6 events):
Event: 1.755 GC heap before
{Heap before GC invocations=0 (full 0):
 garbage-first heap   total 260096K, used 23552K [0x0000000702200000, 0x0000000800000000)
  region size 1024K, 24 young (24576K), 0 survivors (0K)
 Metaspace       used 13121K, capacity 13350K, committed 13440K, reserved 1060864K
  class space    used 1318K, capacity 1387K, committed 1408K, reserved 1048576K
}
Event: 1.759 GC heap after
{Heap after GC invocations=1 (full 0):
 garbage-first heap   total 260096K, used 3352K [0x0000000702200000, 0x0000000800000000)
  region size 1024K, 3 young (3072K), 3 survivors (3072K)
 Metaspace       used 13121K, capacity 13350K, committed 13440K, reserved 1060864K
  class space    used 1318K, capacity 1387K, committed 1408K, reserved 1048576K
}
Event: 2.966 GC heap before
{Heap before GC invocations=1 (full 0):
 garbage-first heap   total 260096K, used 74008K [0x0000000702200000, 0x0000000800000000)
  region size 1024K, 73 young (74752K), 3 survivors (3072K)
 Metaspace       used 20739K, capacity 21110K, committed 21296K, reserved 1069056K
  class space    used 2194K, capacity 2314K, committed 2432K, reserved 1048576K
}
Event: 2.975 GC heap after
{Heap after GC invocations=2 (full 0):
 garbage-first heap   total 260096K, used 8830K [0x0000000702200000, 0x0000000800000000)
  region size 1024K, 9 young (9216K), 9 survivors (9216K)
 Metaspace       used 20739K, capacity 21110K, committed 21296K, reserved 1069056K
  class space    used 2194K, capacity 2314K, committed 2432K, reserved 1048576K
}
Event: 4.224 GC heap before
{Heap before GC invocations=3 (full 0):
 garbage-first heap   total 260096K, used 86654K [0x0000000702200000, 0x0000000800000000)
  region size 1024K, 85 young (87040K), 9 survivors (9216K)
 Metaspace       used 23633K, capacity 24340K, committed 24624K, reserved 1071104K
  class space    used 2437K, capacity 2649K, committed 2688K, reserved 1048576K
}
Event: 4.236 GC heap after
{Heap after GC invocations=4 (full 0):
 garbage-first heap   total 260096K, used 13584K [0x0000000702200000, 0x0000000800000000)
  region size 1024K, 11 young (11264K), 11 survivors (11264K)
 Metaspace       used 23633K, capacity 24340K, committed 24624K, reserved 1071104K
  class space    used 2437K, capacity 2649K, committed 2688K, reserved 1048576K
}

